Determining if the pthread_create exist failed with the following output:
Change Dir: /home/robit/catkin_ws/build/CMakeFiles/CMakeTmp

Run Build Command:"/usr/bin/make" "cmTC_31f32/fast"
/usr/bin/make -f CMakeFiles/cmTC_31f32.dir/build.make CMakeFiles/cmTC_31f32.dir/build
make[1]: Entering directory '/home/robit/catkin_ws/build/CMakeFiles/CMakeTmp'
Building C object CMakeFiles/cmTC_31f32.dir/CheckSymbolExists.c.o
/usr/bin/cc    -o CMakeFiles/cmTC_31f32.dir/CheckSymbolExists.c.o   -c /home/robit/catkin_ws/build/CMakeFiles/CMakeTmp/CheckSymbolExists.c
Linking C executable cmTC_31f32
/usr/bin/cmake -E cmake_link_script CMakeFiles/cmTC_31f32.dir/link.txt --verbose=1
/usr/bin/cc      -rdynamic CMakeFiles/cmTC_31f32.dir/CheckSymbolExists.c.o  -o cmTC_31f32 
CMakeFiles/cmTC_31f32.dir/CheckSymbolExists.c.o: In function `main':
CheckSymbolExists.c:(.text+0x1b): undefined reference to `pthread_create'
collect2: error: ld returned 1 exit status
CMakeFiles/cmTC_31f32.dir/build.make:97: recipe for target 'cmTC_31f32' failed
make[1]: *** [cmTC_31f32] Error 1
make[1]: Leaving directory '/home/robit/catkin_ws/build/CMakeFiles/CMakeTmp'
Makefile:126: recipe for target 'cmTC_31f32/fast' failed
make: *** [cmTC_31f32/fast] Error 2

File /home/robit/catkin_ws/build/CMakeFiles/CMakeTmp/CheckSymbolExists.c:
/* */
#include <pthread.h>

int main(int argc, char** argv)
{
  (void)argv;
#ifndef pthread_create
  return ((int*)(&pthread_create))[argc];
#else
  (void)argc;
  return 0;
#endif
}

Determining if the function pthread_create exists in the pthreads failed with the following output:
Change Dir: /home/robit/catkin_ws/build/CMakeFiles/CMakeTmp

Run Build Command:"/usr/bin/make" "cmTC_171a1/fast"
/usr/bin/make -f CMakeFiles/cmTC_171a1.dir/build.make CMakeFiles/cmTC_171a1.dir/build
make[1]: Entering directory '/home/robit/catkin_ws/build/CMakeFiles/CMakeTmp'
Building C object CMakeFiles/cmTC_171a1.dir/CheckFunctionExists.c.o
/usr/bin/cc   -DCHECK_FUNCTION_EXISTS=pthread_create   -o CMakeFiles/cmTC_171a1.dir/CheckFunctionExists.c.o   -c /usr/share/cmake-3.10/Modules/CheckFunctionExists.c
Linking C executable cmTC_171a1
/usr/bin/cmake -E cmake_link_script CMakeFiles/cmTC_171a1.dir/link.txt --verbose=1
/usr/bin/cc  -DCHECK_FUNCTION_EXISTS=pthread_create    -rdynamic CMakeFiles/cmTC_171a1.dir/CheckFunctionExists.c.o  -o cmTC_171a1 -lpthreads 
/usr/bin/ld: cannot find -lpthreads
collect2: error: ld returned 1 exit status
CMakeFiles/cmTC_171a1.dir/build.make:97: recipe for target 'cmTC_171a1' failed
make[1]: *** [cmTC_171a1] Error 1
make[1]: Leaving directory '/home/robit/catkin_ws/build/CMakeFiles/CMakeTmp'
Makefile:126: recipe for target 'cmTC_171a1/fast' failed
make: *** [cmTC_171a1/fast] Error 2


Determining if the Q_WS_WIN exist failed with the following output:
Change Dir: /home/robit/catkin_ws/build/CMakeFiles/CMakeTmp

Run Build Command:"/usr/bin/make" "cmTC_217b1/fast"
/usr/bin/make -f CMakeFiles/cmTC_217b1.dir/build.make CMakeFiles/cmTC_217b1.dir/build
make[1]: Entering directory '/home/robit/catkin_ws/build/CMakeFiles/CMakeTmp'
Building CXX object CMakeFiles/cmTC_217b1.dir/CheckSymbolExists.cxx.o
/usr/bin/c++   -I/usr/include/qt4   -o CMakeFiles/cmTC_217b1.dir/CheckSymbolExists.cxx.o -c /home/robit/catkin_ws/build/CMakeFiles/CMakeTmp/CheckSymbolExists.cxx
/home/robit/catkin_ws/build/CMakeFiles/CMakeTmp/CheckSymbolExists.cxx: In function ‘int main(int, char**)’:
/home/robit/catkin_ws/build/CMakeFiles/CMakeTmp/CheckSymbolExists.cxx:8:19: error: ‘Q_WS_WIN’ was not declared in this scope
   return ((int*)(&Q_WS_WIN))[argc];
                   ^~~~~~~~
/home/robit/catkin_ws/build/CMakeFiles/CMakeTmp/CheckSymbolExists.cxx:8:19: note: suggested alternative: ‘Q_WS_X11’
   return ((int*)(&Q_WS_WIN))[argc];
                   ^~~~~~~~
                   Q_WS_X11
CMakeFiles/cmTC_217b1.dir/build.make:65: recipe for target 'CMakeFiles/cmTC_217b1.dir/CheckSymbolExists.cxx.o' failed
make[1]: *** [CMakeFiles/cmTC_217b1.dir/CheckSymbolExists.cxx.o] Error 1
make[1]: Leaving directory '/home/robit/catkin_ws/build/CMakeFiles/CMakeTmp'
Makefile:126: recipe for target 'cmTC_217b1/fast' failed
make: *** [cmTC_217b1/fast] Error 2

File /home/robit/catkin_ws/build/CMakeFiles/CMakeTmp/CheckSymbolExists.cxx:
/* */
#include <QtCore/qglobal.h>

int main(int argc, char** argv)
{
  (void)argv;
#ifndef Q_WS_WIN
  return ((int*)(&Q_WS_WIN))[argc];
#else
  (void)argc;
  return 0;
#endif
}

Determining if the Q_WS_QWS exist failed with the following output:
Change Dir: /home/robit/catkin_ws/build/CMakeFiles/CMakeTmp

Run Build Command:"/usr/bin/make" "cmTC_8900a/fast"
/usr/bin/make -f CMakeFiles/cmTC_8900a.dir/build.make CMakeFiles/cmTC_8900a.dir/build
make[1]: Entering directory '/home/robit/catkin_ws/build/CMakeFiles/CMakeTmp'
Building CXX object CMakeFiles/cmTC_8900a.dir/CheckSymbolExists.cxx.o
/usr/bin/c++   -I/usr/include/qt4   -o CMakeFiles/cmTC_8900a.dir/CheckSymbolExists.cxx.o -c /home/robit/catkin_ws/build/CMakeFiles/CMakeTmp/CheckSymbolExists.cxx
/home/robit/catkin_ws/build/CMakeFiles/CMakeTmp/CheckSymbolExists.cxx: In function ‘int main(int, char**)’:
/home/robit/catkin_ws/build/CMakeFiles/CMakeTmp/CheckSymbolExists.cxx:8:19: error: ‘Q_WS_QWS’ was not declared in this scope
   return ((int*)(&Q_WS_QWS))[argc];
                   ^~~~~~~~
/home/robit/catkin_ws/build/CMakeFiles/CMakeTmp/CheckSymbolExists.cxx:8:19: note: suggested alternative: ‘Q_WS_X11’
   return ((int*)(&Q_WS_QWS))[argc];
                   ^~~~~~~~
                   Q_WS_X11
CMakeFiles/cmTC_8900a.dir/build.make:65: recipe for target 'CMakeFiles/cmTC_8900a.dir/CheckSymbolExists.cxx.o' failed
make[1]: *** [CMakeFiles/cmTC_8900a.dir/CheckSymbolExists.cxx.o] Error 1
make[1]: Leaving directory '/home/robit/catkin_ws/build/CMakeFiles/CMakeTmp'
Makefile:126: recipe for target 'cmTC_8900a/fast' failed
make: *** [cmTC_8900a/fast] Error 2

File /home/robit/catkin_ws/build/CMakeFiles/CMakeTmp/CheckSymbolExists.cxx:
/* */
#include <QtCore/qglobal.h>

int main(int argc, char** argv)
{
  (void)argv;
#ifndef Q_WS_QWS
  return ((int*)(&Q_WS_QWS))[argc];
#else
  (void)argc;
  return 0;
#endif
}

Determining if the Q_WS_MAC exist failed with the following output:
Change Dir: /home/robit/catkin_ws/build/CMakeFiles/CMakeTmp

Run Build Command:"/usr/bin/make" "cmTC_4e338/fast"
/usr/bin/make -f CMakeFiles/cmTC_4e338.dir/build.make CMakeFiles/cmTC_4e338.dir/build
make[1]: Entering directory '/home/robit/catkin_ws/build/CMakeFiles/CMakeTmp'
Building CXX object CMakeFiles/cmTC_4e338.dir/CheckSymbolExists.cxx.o
/usr/bin/c++   -I/usr/include/qt4   -o CMakeFiles/cmTC_4e338.dir/CheckSymbolExists.cxx.o -c /home/robit/catkin_ws/build/CMakeFiles/CMakeTmp/CheckSymbolExists.cxx
/home/robit/catkin_ws/build/CMakeFiles/CMakeTmp/CheckSymbolExists.cxx: In function ‘int main(int, char**)’:
/home/robit/catkin_ws/build/CMakeFiles/CMakeTmp/CheckSymbolExists.cxx:8:19: error: ‘Q_WS_MAC’ was not declared in this scope
   return ((int*)(&Q_WS_MAC))[argc];
                   ^~~~~~~~
/home/robit/catkin_ws/build/CMakeFiles/CMakeTmp/CheckSymbolExists.cxx:8:19: note: suggested alternative: ‘Q_WS_X11’
   return ((int*)(&Q_WS_MAC))[argc];
                   ^~~~~~~~
                   Q_WS_X11
CMakeFiles/cmTC_4e338.dir/build.make:65: recipe for target 'CMakeFiles/cmTC_4e338.dir/CheckSymbolExists.cxx.o' failed
make[1]: *** [CMakeFiles/cmTC_4e338.dir/CheckSymbolExists.cxx.o] Error 1
make[1]: Leaving directory '/home/robit/catkin_ws/build/CMakeFiles/CMakeTmp'
Makefile:126: recipe for target 'cmTC_4e338/fast' failed
make: *** [cmTC_4e338/fast] Error 2

File /home/robit/catkin_ws/build/CMakeFiles/CMakeTmp/CheckSymbolExists.cxx:
/* */
#include <QtCore/qglobal.h>

int main(int argc, char** argv)
{
  (void)argv;
#ifndef Q_WS_MAC
  return ((int*)(&Q_WS_MAC))[argc];
#else
  (void)argc;
  return 0;
#endif
}

